<?xml version="1.0" encoding="UTF-8"?>
<!-- Generated by org.testng.reporters.JUnitReportReporter -->
<testsuite name="myTests.CheckPageText" tests="1" time="1.106" ignored="0" failures="0" timestamp="20 Feb 2017 16:59:02 GMT" skipped="0" hostname="ws-tusova" errors="0">
  <testcase name="CheckTextInChapter1" time="1.106" classname="myTests.CheckPageText"/>
</testsuite> <!-- myTests.CheckPageText -->
